# JRE version: OpenJDK Runtime Environment (8.0_152-b01) (build 1.8.0_152-release-1024-b01)
# Java VM: OpenJDK 64-Bit Server VM (25.152-b01 mixed mode linux-amd64 compressed oops)
Heap:
 PSYoungGen      total 381440K, used 0K [0x00000000e0000000, 0x00000000ff900000, 0x0000000100000000)
  eden space 260096K, 0% used [0x00000000e0000000,0x00000000e0000000,0x00000000efe00000)
  from space 121344K, 0% used [0x00000000f8280000,0x00000000f8280000,0x00000000ff900000)
  to   space 128512K, 0% used [0x00000000efe00000,0x00000000efe00000,0x00000000f7b80000)
 ParOldGen       total 812032K, used 698447K [0x00000000a0000000, 0x00000000d1900000, 0x00000000e0000000)
  object space 812032K, 86% used [0x00000000a0000000,0x00000000caa13ec0,0x00000000d1900000)
 Metaspace       used 140599K, capacity 148591K, committed 181976K, reserved 1208320K
  class space    used 16585K, capacity 18240K, committed 22784K, reserved 1048576K
GC Heap History (10 events):
Event: 10180.934 GC heap after
Heap after GC invocations=140 (full 14):
 PSYoungGen      total 412672K, used 10279K [0x00000000e0000000, 0x00000000ffd80000, 0x0000000100000000)
  eden space 305664K, 0% used [0x00000000e0000000,0x00000000e0000000,0x00000000f2a80000)
  from space 107008K, 9% used [0x00000000f9500000,0x00000000f9f09e80,0x00000000ffd80000)
  to   space 108032K, 0% used [0x00000000f2a80000,0x00000000f2a80000,0x00000000f9400000)
 ParOldGen       total 812032K, used 650653K [0x00000000a0000000, 0x00000000d1900000, 0x00000000e0000000)
  object space 812032K, 80% used [0x00000000a0000000,0x00000000c7b67710,0x00000000d1900000)
 Metaspace       used 138148K, capacity 146081K, committed 181976K, reserved 1208320K
  class space    used 16349K, capacity 17993K, committed 22784K, reserved 1048576K
}
Event: 10185.541 GC heap before
{Heap before GC invocations=141 (full 14):
 PSYoungGen      total 412672K, used 315943K [0x00000000e0000000, 0x00000000ffd80000, 0x0000000100000000)
  eden space 305664K, 100% used [0x00000000e0000000,0x00000000f2a80000,0x00000000f2a80000)
  from space 107008K, 9% used [0x00000000f9500000,0x00000000f9f09e80,0x00000000ffd80000)
  to   space 108032K, 0% used [0x00000000f2a80000,0x00000000f2a80000,0x00000000f9400000)
 ParOldGen       total 812032K, used 650653K [0x00000000a0000000, 0x00000000d1900000, 0x00000000e0000000)
  object space 812032K, 80% used [0x00000000a0000000,0x00000000c7b67710,0x00000000d1900000)
 Metaspace       used 138819K, capacity 146809K, committed 181976K, reserved 1208320K
  class space    used 16418K, capacity 18065K, committed 22784K, reserved 1048576K
Event: 10185.578 GC heap after
Heap after GC invocations=141 (full 14):
 PSYoungGen      total 350720K, used 44768K [0x00000000e0000000, 0x00000000ff800000, 0x0000000100000000)
  eden space 305664K, 0% used [0x00000000e0000000,0x00000000e0000000,0x00000000f2a80000)
  from space 45056K, 99% used [0x00000000f2a80000,0x00000000f5638340,0x00000000f5680000)
  to   space 103424K, 0% used [0x00000000f9300000,0x00000000f9300000,0x00000000ff800000)
 ParOldGen       total 812032K, used 659471K [0x00000000a0000000, 0x00000000d1900000, 0x00000000e0000000)
  object space 812032K, 81% used [0x00000000a0000000,0x00000000c8403d28,0x00000000d1900000)
 Metaspace       used 138819K, capacity 146809K, committed 181976K, reserved 1208320K
  class space    used 16418K, capacity 18065K, committed 22784K, reserved 1048576K
}
Event: 10186.128 GC heap before
{Heap before GC invocations=142 (full 14):
 PSYoungGen      total 350720K, used 350432K [0x00000000e0000000, 0x00000000ff800000, 0x0000000100000000)
  eden space 305664K, 100% used [0x00000000e0000000,0x00000000f2a80000,0x00000000f2a80000)
  from space 45056K, 99% used [0x00000000f2a80000,0x00000000f5638340,0x00000000f5680000)
  to   space 103424K, 0% used [0x00000000f9300000,0x00000000f9300000,0x00000000ff800000)
 ParOldGen       total 812032K, used 659471K [0x00000000a0000000, 0x00000000d1900000, 0x00000000e0000000)
  object space 812032K, 81% used [0x00000000a0000000,0x00000000c8403d28,0x00000000d1900000)
 Metaspace       used 140517K, capacity 148527K, committed 181976K, reserved 1208320K
  class space    used 16581K, capacity 18240K, committed 22784K, reserved 1048576K
Event: 10186.204 GC heap after
Heap after GC invocations=142 (full 14):
 PSYoungGen      total 356352K, used 103407K [0x00000000e0000000, 0x0000000100000000, 0x0000000100000000)
  eden space 252928K, 0% used [0x00000000e0000000,0x00000000e0000000,0x00000000ef700000)
  from space 103424K, 99% used [0x00000000f9300000,0x00000000ff7fbcc0,0x00000000ff800000)
  to   space 135680K, 0% used [0x00000000ef700000,0x00000000ef700000,0x00000000f7b80000)
 ParOldGen       total 812032K, used 698204K [0x00000000a0000000, 0x00000000d1900000, 0x00000000e0000000)
  object space 812032K, 85% used [0x00000000a0000000,0x00000000ca9d7008,0x00000000d1900000)
 Metaspace       used 140517K, capacity 148527K, committed 181976K, reserved 1208320K
  class space    used 16581K, capacity 18240K, committed 22784K, reserved 1048576K
}
Event: 10186.798 GC heap before
{Heap before GC invocations=143 (full 14):
 PSYoungGen      total 356352K, used 356335K [0x00000000e0000000, 0x0000000100000000, 0x0000000100000000)
  eden space 252928K, 100% used [0x00000000e0000000,0x00000000ef700000,0x00000000ef700000)
  from space 103424K, 99% used [0x00000000f9300000,0x00000000ff7fbcc0,0x00000000ff800000)
  to   space 135680K, 0% used [0x00000000ef700000,0x00000000ef700000,0x00000000f7b80000)
 ParOldGen       total 812032K, used 698204K [0x00000000a0000000, 0x00000000d1900000, 0x00000000e0000000)
  object space 812032K, 85% used [0x00000000a0000000,0x00000000ca9d7008,0x00000000d1900000)
 Metaspace       used 140592K, capacity 148591K, committed 181976K, reserved 1208320K
  class space    used 16585K, capacity 18240K, committed 22784K, reserved 1048576K
Event: 10186.840 GC heap after
Heap after GC invocations=143 (full 14):
 PSYoungGen      total 388608K, used 37887K [0x00000000e0000000, 0x0000000100000000, 0x0000000100000000)
  eden space 252928K, 0% used [0x00000000e0000000,0x00000000e0000000,0x00000000ef700000)
  from space 135680K, 27% used [0x00000000ef700000,0x00000000f1bfffe8,0x00000000f7b80000)
  to   space 128512K, 0% used [0x00000000f8280000,0x00000000f8280000,0x0000000100000000)
 ParOldGen       total 812032K, used 733378K [0x00000000a0000000, 0x00000000d1900000, 0x00000000e0000000)
  object space 812032K, 90% used [0x00000000a0000000,0x00000000ccc30a18,0x00000000d1900000)
 Metaspace       used 140592K, capacity 148591K, committed 181976K, reserved 1208320K
  class space    used 16585K, capacity 18240K, committed 22784K, reserved 1048576K
}
Event: 10189.017 GC heap before
{Heap before GC invocations=144 (full 14):
 PSYoungGen      total 388608K, used 290815K [0x00000000e0000000, 0x0000000100000000, 0x0000000100000000)
  eden space 252928K, 100% used [0x00000000e0000000,0x00000000ef700000,0x00000000ef700000)
  from space 135680K, 27% used [0x00000000ef700000,0x00000000f1bfffe8,0x00000000f7b80000)
  to   space 128512K, 0% used [0x00000000f8280000,0x00000000f8280000,0x0000000100000000)
 ParOldGen       total 812032K, used 733378K [0x00000000a0000000, 0x00000000d1900000, 0x00000000e0000000)
  object space 812032K, 90% used [0x00000000a0000000,0x00000000ccc30a18,0x00000000d1900000)
 Metaspace       used 140599K, capacity 148591K, committed 181976K, reserved 1208320K
  class space    used 16585K, capacity 18240K, committed 22784K, reserved 1048576K
Event: 10189.049 GC heap after
Heap after GC invocations=144 (full 14):
 PSYoungGen      total 381440K, used 2707K [0x00000000e0000000, 0x00000000ff900000, 0x0000000100000000)
  eden space 260096K, 0% used [0x00000000e0000000,0x00000000e0000000,0x00000000efe00000)
  from space 121344K, 2% used [0x00000000f8280000,0x00000000f8524e00,0x00000000ff900000)
  to   space 128512K, 0% used [0x00000000efe00000,0x00000000efe00000,0x00000000f7b80000)
 ParOldGen       total 812032K, used 769925K [0x00000000a0000000, 0x00000000d1900000, 0x00000000e0000000)
  object space 812032K, 94% used [0x00000000a0000000,0x00000000cefe1690,0x00000000d1900000)
 Metaspace       used 140599K, capacity 148591K, committed 181976K, reserved 1208320K
  class space    used 16585K, capacity 18240K, committed 22784K, reserved 1048576K
}
Event: 10189.049 GC heap before
{Heap before GC invocations=145 (full 15):
 PSYoungGen      total 381440K, used 2707K [0x00000000e0000000, 0x00000000ff900000, 0x0000000100000000)
  eden space 260096K, 0% used [0x00000000e0000000,0x00000000e0000000,0x00000000efe00000)
  from space 121344K, 2% used [0x00000000f8280000,0x00000000f8524e00,0x00000000ff900000)
  to   space 128512K, 0% used [0x00000000efe00000,0x00000000efe00000,0x00000000f7b80000)
 ParOldGen       total 812032K, used 769925K [0x00000000a0000000, 0x00000000d1900000, 0x00000000e0000000)
  object space 812032K, 94% used [0x00000000a0000000,0x00000000cefe1690,0x00000000d1900000)
 Metaspace       used 140599K, capacity 148591K, committed 181976K, reserved 1208320K
  class space    used 16585K, capacity 18240K, committed 22784K, reserved 1048576K

